<?xml version="1.0" encoding="UTF-8"?>
<!-- Generated by org.testng.reporters.JUnitReportReporter -->
<testsuite skipped="0" hostname="Krsta-PC" name="tests.LoginTest" tests="1" failures="0" timestamp="03 Aug 2018 19:09:59 GMT" time="4.000" errors="0">
  <testcase name="correctEmailCorrectPassword" time="4.000" classname="tests.LoginTest"/>
</testsuite> <!-- tests.LoginTest -->
