<?xml version="1.0" encoding="UTF-8"?>
<!-- Generated by org.testng.reporters.JUnitReportReporter -->
<testsuite skipped="0" hostname="Krsta-PC" name="tests.AddNewInvoiceTest" tests="16" failures="0" timestamp="03 Aug 2018 19:09:59 GMT" time="17.632" errors="0">
  <testcase name="addNewInvoiceAndGoBack" time="0.961" classname="tests.AddNewInvoiceTest"/>
  <testcase name="addNewInvoice" time="0.844" classname="tests.AddNewInvoiceTest"/>
  <testcase name="noInputJustSave" time="1.274" classname="tests.AddNewInvoiceTest"/>
  <testcase name="CheckNewInvoiceForm" time="0.076" classname="tests.AddNewInvoiceTest"/>
  <testcase name="formStatus" time="0.753" classname="tests.AddNewInvoiceTest"/>
  <testcase name="to" time="0.853" classname="tests.AddNewInvoiceTest"/>
  <testcase name="from" time="0.914" classname="tests.AddNewInvoiceTest"/>
  <testcase name="submittedDate" time="1.001" classname="tests.AddNewInvoiceTest"/>
  <testcase name="dueDate" time="2.038" classname="tests.AddNewInvoiceTest"/>
  <testcase name="basis" time="0.531" classname="tests.AddNewInvoiceTest"/>
  <testcase name="toCurrencyPicked" time="0.243" classname="tests.AddNewInvoiceTest"/>
  <testcase name="addWrongInvoiceContentAndDelete" time="3.331" classname="tests.AddNewInvoiceTest"/>
  <testcase name="addInvoiceContent" time="2.326" classname="tests.AddNewInvoiceTest"/>
  <testcase name="bank" time="0.880" classname="tests.AddNewInvoiceTest"/>
  <testcase name="save" time="1.050" classname="tests.AddNewInvoiceTest"/>
  <testcase name="title" time="0.557" classname="tests.AddNewInvoiceTest"/>
</testsuite> <!-- tests.AddNewInvoiceTest -->
